<?xml version="1.0" encoding="UTF-8"?>
<!-- Generated by org.testng.reporters.JUnitReportReporter -->
<testsuite hostname="LAPTOP-J8GH24CH" failures="0" tests="4" name="CompanyName.tests.StandAloneTest" time="125.035" errors="0" timestamp="2024-05-30T18:40:31 IST" skipped="0">
  <testcase classname="CompanyName.tests.StandAloneTest" name="submitorder" time="30.642"/>
  <system-out/>
  <testcase classname="CompanyName.tests.StandAloneTest" name="submitorder" time="30.562"/>
  <system-out/>
  <testcase classname="CompanyName.tests.StandAloneTest" name="OrderHistoryTest" time="18.242"/>
  <system-out/>
  <testcase classname="CompanyName.tests.StandAloneTest" name="submitorder" time="45.589"/>
  <system-out/>
</testsuite> <!-- CompanyName.tests.StandAloneTest -->
